{
  "RSpec": {
    "coverage": {
      "/Users/jacqueslaffy/Desktop/Projects/bounce-messages/spec/features/messages_spec.rb": [
        null,
        1,
        1,
        1,
        1,
        null,
        null,
        1,
        1,
        1,
        null,
        null,
        1,
        1,
        1,
        1,
        1,
        1,
        null,
        null,
        1,
        1,
        1,
        null,
        null,
        1,
        1,
        1,
        1,
        1,
        1,
        null,
        null,
        1,
        1,
        1,
        1,
        1,
        1,
        null,
        null
      ],
      "/Users/jacqueslaffy/Desktop/Projects/bounce-messages/spec/features/testing_infrastructure_spec.rb": [
        null,
        null,
        1,
        1,
        1,
        1,
        null,
        null
      ]
    },
    "timestamp": 1546353888
  }
}
